Flutter crash report.
Please report a bug at https://github.com/flutter/flutter/issues.

## command

flutter --no-color pub get

## exception

FileSystemException: FileSystemException: Deletion failed, path = 'C:\Users\faisa\Desktop\FFKK\eee\ElderlyCareV10\ElderlyCareV9\ElderlyCareV8\ElderlyCareV6\ElderlyCareV2\ElderlyCare\windows\flutter\ephemeral\.plugin_symlinks' (OS Error: The system cannot find the path specified.
, errno = 3)

```
#0      _Directory._deleteSync (dart:io/directory_impl.dart:201:7)
#1      FileSystemEntity.deleteSync (dart:io/file_system_entity.dart:427:7)
#2      ForwardingFileSystemEntity.deleteSync (package:file/src/forwarding/forwarding_file_system_entity.dart:70:16)
#3      ErrorHandlingDirectory.deleteSync.<anonymous closure> (package:flutter_tools/src/base/error_handling_io.dart:486:22)
#4      _runSync (package:flutter_tools/src/base/error_handling_io.dart:597:14)
#5      ErrorHandlingDirectory.deleteSync (package:flutter_tools/src/base/error_handling_io.dart:485:12)
#6      _createPlatformPluginSymlinks (package:flutter_tools/src/flutter_plugins.dart:1043:22)
#7      createPluginSymlinks (package:flutter_tools/src/flutter_plugins.dart:987:5)
#8      refreshPluginsList (package:flutter_tools/src/flutter_plugins.dart:1089:5)
<asynchronous suspension>
#9      FlutterProject.ensureReadyForPlatformSpecificTooling (package:flutter_tools/src/project.dart:350:5)
<asynchronous suspension>
#10     PackagesGetCommand.runCommand (package:flutter_tools/src/commands/packages.dart:175:5)
<asynchronous suspension>
#11     FlutterCommand.run.<anonymous closure> (package:flutter_tools/src/runner/flutter_command.dart:1209:27)
<asynchronous suspension>
#12     AppContext.run.<anonymous closure> (package:flutter_tools/src/base/context.dart:150:19)
<asynchronous suspension>
#13     CommandRunner.runCommand (package:args/command_runner.dart:209:13)
<asynchronous suspension>
#14     FlutterCommandRunner.runCommand.<anonymous closure> (package:flutter_tools/src/runner/flutter_command_runner.dart:281:9)
<asynchronous suspension>
#15     AppContext.run.<anonymous closure> (package:flutter_tools/src/base/context.dart:150:19)
<asynchronous suspension>
#16     FlutterCommandRunner.runCommand (package:flutter_tools/src/runner/flutter_command_runner.dart:229:5)
<asynchronous suspension>
#17     run.<anonymous closure>.<anonymous closure> (package:flutter_tools/runner.dart:62:9)
<asynchronous suspension>
#18     AppContext.run.<anonymous closure> (package:flutter_tools/src/base/context.dart:150:19)
<asynchronous suspension>
#19     main (package:flutter_tools/executable.dart:91:3)
<asynchronous suspension>
```

## flutter doctor

```
[✓] Flutter (Channel stable, 3.3.10, on Microsoft Windows [Version 10.0.22621.1105], locale en-US)
    • Flutter version 3.3.10 on channel stable at C:\flutter
    • Upstream repository https://github.com/flutter/flutter.git
    • Framework revision 135454af32 (7 weeks ago), 2022-12-15 07:36:55 -0800
    • Engine revision 3316dd8728
    • Dart version 2.18.6
    • DevTools version 2.15.0

[!] Android toolchain - develop for Android devices (Android SDK version 33.0.1)
    • Android SDK at C:\Users\faisa\AppData\Local\Android\Sdk
    ✗ cmdline-tools component is missing
      Run `path/to/sdkmanager --install "cmdline-tools;latest"`
      See https://developer.android.com/studio/command-line for more details.
    ✗ Android license status unknown.
      Run `flutter doctor --android-licenses` to accept the SDK licenses.
      See https://flutter.dev/docs/get-started/install/windows#android-setup for more details.

[✗] Chrome - develop for the web (Cannot find Chrome executable at .\Google\Chrome\Application\chrome.exe)
    ! Cannot find Chrome. Try setting CHROME_EXECUTABLE to a Chrome executable.

[✗] Visual Studio - develop for Windows
    ✗ Visual Studio not installed; this is necessary for Windows development.
      Download at https://visualstudio.microsoft.com/downloads/.
      Please install the "Desktop development with C++" workload, including all of its default components

[✓] Android Studio (version 2021.3)
    • Android Studio at C:\Users\faisa\AppData\Local\JetBrains\Toolbox\apps\AndroidStudio\ch-0\213.7172.25.2113.9123335
    • Flutter plugin version 71.1.3
    • Dart plugin version 213.7433
    • Java version OpenJDK Runtime Environment (build 11.0.13+0-b1751.21-8125866)

[✓] IntelliJ IDEA Community Edition (version 2022.3)
    • IntelliJ at C:\Users\faisa\AppData\Local\JetBrains\Toolbox\apps\IDEA-C\ch-0\223.7571.182
    • Flutter plugin version 71.1.6
    • Dart plugin version 223.7571.203

[✓] VS Code (version 1.75.0)
    • VS Code at C:\Users\faisa\AppData\Local\Programs\Microsoft VS Code
    • Flutter extension version 3.44.0

[✓] Connected device (3 available)
    • SM N960N (mobile) • ce071717d9cf6405057e • android-arm64  • Android 10 (API 29)
    • Windows (desktop) • windows              • windows-x64    • Microsoft Windows [Version 10.0.22621.1105]
    • Edge (web)        • edge                 • web-javascript • Microsoft Edge 109.0.1518.78

[✓] HTTP Host Availability
    • All required HTTP hosts are available

! Doctor found issues in 3 categories.
```
